\BOOKMARK [1][-]{section.1}{\376\377\006\105\006\102\006\057\006\105\006\107\040\014\006\047\006\314\000\040\006\050\006\061\000\040\006\176\006\061\006\110\006\230\006\107}{}% 1
\BOOKMARK [1][-]{section.2}{\376\377\006\047\006\107\006\057\006\047\006\101\000\040\006\110\000\040\006\110\006\314\006\230\006\257\006\314\040\014\006\107\006\047\006\314\000\040\006\176\006\061\006\110\006\230\006\107}{}% 2
\BOOKMARK [2][-]{subsection.2.1}{\376\377\006\047\006\314\006\054\006\047\006\057\000\040\006\105\006\055\006\314\006\067\040\014\006\107\006\047\006\314\000\040\006\105\006\106\006\062\006\110\006\314\000\040\000\050\000I\000s\000o\000l\000a\000t\000i\000o\000n\000\051}{section.2}% 3
\BOOKMARK [2][-]{subsection.2.2}{\376\377\006\105\006\057\006\314\006\061\006\314\006\052\000\040\006\105\006\106\006\047\006\050\006\071\000\040\006\050\006\047\000\040\006\047\006\063\006\052\006\101\006\047\006\057\006\107\000\040\006\047\006\062\000\040\000c\000g\000r\000o\000u\000p\000s}{section.2}% 4
\BOOKMARK [2][-]{subsection.2.3}{\376\377\006\052\006\071\006\047\006\105\006\104\000\040\006\050\006\047\000\040\006\107\006\063\006\052\006\107\000\040\006\104\006\314\006\106\006\110\006\251\006\063}{section.2}% 5
\BOOKMARK [2][-]{subsection.2.4}{\376\377\006\047\006\061\006\052\006\050\006\047\006\067\000\040\006\050\006\314\006\106\000\040\006\105\006\055\006\101\006\070\006\107\040\014\006\107\006\047}{section.2}% 6
\BOOKMARK [2][-]{subsection.2.5}{\376\377\006\251\006\106\006\052\006\061\006\104\000\040\006\110\000\040\006\105\006\057\006\314\006\061\006\314\006\052\000\040\006\047\006\054\006\061\006\047\006\314\000\040\006\105\006\055\006\101\006\070\006\107\040\014\006\107\006\047}{section.2}% 7
\BOOKMARK [1][-]{section.3}{\376\377\006\102\006\047\006\050\006\104\006\314\006\052\040\014\006\107\006\047\006\314\000\040\006\047\006\066\006\047\006\101\006\314}{}% 8
\BOOKMARK [1][-]{section.4}{\376\377\006\047\006\050\006\062\006\047\006\061\006\107\006\047\000\040\006\110\000\040\006\062\006\050\006\047\006\106\040\014\006\107\006\047\006\314\000\040\006\050\006\061\006\106\006\047\006\105\006\107\040\014\006\106\006\110\006\314\006\063\006\314\000\040\006\176\006\314\006\064\006\106\006\107\006\047\006\057\006\314}{}% 9
\BOOKMARK [2][-]{subsection.4.1}{\376\377\006\062\006\050\006\047\006\106\000\040\006\050\006\061\006\106\006\047\006\105\006\107\040\014\006\106\006\110\006\314\006\063\006\314\000\040\006\176\006\314\006\064\006\106\006\107\006\047\006\057\006\314\000:}{section.4}% 10
\BOOKMARK [2][-]{subsection.4.2}{\376\377\006\047\006\050\006\062\006\047\006\061\006\107\006\047\006\314\000\040\006\105\006\110\006\061\006\057\000\040\006\106\006\314\006\047\006\062\000:}{section.4}% 11
\BOOKMARK [1][-]{section.5}{\376\377\006\176\006\314\006\064\040\014\006\106\006\314\006\047\006\062\006\107\006\047\006\314\000\040\006\101\006\106\006\314\000\040\006\176\006\061\006\110\006\230\006\107}{}% 12
\BOOKMARK [1][-]{section.6}{\376\377\006\052\006\110\006\066\006\314\006\055\006\047\006\052\000\040\006\047\006\107\006\057\006\047\006\101\000\040\006\176\006\061\006\110\006\230\006\107}{}% 13
\BOOKMARK [2][-]{subsection.6.1}{\376\377\006\042\006\064\006\106\006\047\006\314\006\314\000\040\006\050\006\047\000\040\000N\000a\000m\000e\000s\000p\000a\000c\000e\000\040\006\107\006\047\000\040\000:}{section.6}% 14
\BOOKMARK [2][-]{subsection.6.2}{\376\377\006\105\006\057\006\314\006\061\006\314\006\052\000\040\006\105\006\106\006\047\006\050\006\071\000\040\006\050\006\047\000\040\000c\000g\000r\000o\000u\000p\000s\000\040\000:}{section.6}% 15
\BOOKMARK [2][-]{subsection.6.3}{\376\377\006\105\006\106\006\062\006\110\006\314\040\014\006\063\006\047\006\062\006\314\000\040\006\105\006\055\006\314\006\067\040\014\006\107\006\047\000\040\006\050\006\047\000\040\000c\000h\000r\000o\000o\000t\000\040\000:}{section.6}% 16
\BOOKMARK [2][-]{subsection.6.4}{\376\377\006\063\006\047\006\056\006\052\000\040\006\063\006\314\006\063\006\052\006\105\040\014\006\107\006\047\006\314\000\040\006\101\006\047\006\314\006\104\000\040\000U\000n\000i\000o\000n\000\040\000:}{section.6}% 17
\BOOKMARK [2][-]{subsection.6.5}{\376\377\006\047\006\314\006\054\006\047\006\057\000\040\006\314\006\251\000\040\006\063\006\314\006\063\006\052\006\105\000\040\006\105\006\057\006\314\006\061\006\314\006\052\000\040\006\105\006\055\006\101\006\070\006\107\000:}{section.6}% 18
\BOOKMARK [2][-]{subsection.6.6}{\376\377\006\052\006\071\006\047\006\105\006\104\000\040\006\050\006\047\000\040\006\063\006\314\006\063\006\052\006\105\040\014\006\071\006\047\006\105\006\104\000\040\006\104\006\314\006\106\006\110\006\251\006\063\000:}{section.6}% 19
\BOOKMARK [2][-]{subsection.6.7}{\376\377\006\042\006\064\006\106\006\047\006\314\006\314\000\040\006\050\006\047\000\040\000e\000B\000P\000F\000\040\000:}{section.6}% 20
